<?xml version="1.0" encoding="UTF-8"?>
<!-- Generated by org.testng.reporters.JUnitReportReporter -->
<testsuite hostname="DESKTOP-1C7103H" failures="0" tests="1" name="tests.CityFanCode" time="2.018" errors="0" timestamp="2024-06-02T19:49:31 IST" skipped="0">
  <testcase classname="tests.CityFanCode" name="validateTodosCompletion" time="2.018"/>
  <system-out/>
</testsuite> <!-- tests.CityFanCode -->
